Arguments: 
  /usr/local/Cellar/node/14.10.1/bin/node /usr/local/Cellar/yarn/1.22.5/libexec/bin/yarn.js codegen

PATH: 
  /usr/local/opt/openssl@1.1/bin:/Users/manhdinh/.rbenv/shims:/Users/manhdinh/.rbenv/bin:/Library/Frameworks/Python.framework/Versions/3.9/bin:/usr/local/bin:/usr/bin:/bin:/usr/sbin:/sbin:/Library/Apple/usr/bin:/Users/manhdinh/Documents/app/tools/flutter/bin

Yarn version: 
  1.22.5

Node version: 
  14.10.1

Platform: 
  darwin x64

Trace: 
  SyntaxError: /Users/manhdinh/Documents/web/first-dot-repo/package.json: Unexpected end of JSON input
      at JSON.parse (<anonymous>)
      at /usr/local/Cellar/yarn/1.22.5/libexec/lib/cli.js:1625:59
      at Generator.next (<anonymous>)
      at step (/usr/local/Cellar/yarn/1.22.5/libexec/lib/cli.js:310:30)
      at /usr/local/Cellar/yarn/1.22.5/libexec/lib/cli.js:321:13

npm manifest: 
  

yarn manifest: 
  No manifest

Lockfile: 
  # THIS IS AN AUTOGENERATED FILE. DO NOT EDIT THIS FILE DIRECTLY.
  # yarn lockfile v1
